2026-02-19 16:08:30,180 - INFO - Starting data quality pipeline
2026-02-19 16:08:30,182 - INFO - Stage 1: Loading raw data
2026-02-19 16:08:30,189 - INFO - Loaded 10 rows, 10 columns
2026-02-19 16:08:30,190 - INFO - Stage 2: Profiling data quality
2026-02-19 16:08:30,242 - INFO - Found 12 quality issues
2026-02-19 16:08:30,242 - INFO - Stage 3: Detecting PII
2026-02-19 16:08:30,260 - INFO - Detected 7 PII columns
2026-02-19 16:08:30,260 - INFO - Stage 4: Cleaning data
2026-02-19 16:08:30,280 - INFO - Cleaning complete: 9 actions taken
2026-02-19 16:08:30,280 - INFO - Stage 5: Validating data
2026-02-19 16:08:30,290 - INFO - Validation: 3 passed, 7 failed
2026-02-19 16:08:30,290 - INFO - Stage 6: Masking PII
2026-02-19 16:08:30,300 - INFO - Masked 6 columns
2026-02-19 16:08:30,301 - INFO - Stage 7: Saving outputs
2026-02-19 16:08:30,311 - INFO - Saved 6 files to C:\Users\ZainabAbdullai\Desktop\Data_Quality_Validation\src\..\output
2026-02-19 16:08:30,313 - INFO - PIPELINE EXECUTION REPORT
2026-02-19 16:08:30,313 - INFO - =========================
2026-02-19 16:08:30,313 - INFO - Timestamp: 2026-02-19 16:08:30
2026-02-19 16:08:30,313 - INFO - 
2026-02-19 16:08:30,313 - INFO - Stage 1: LOAD
2026-02-19 16:08:30,314 - INFO - [OK] Loaded customers_raw.csv
2026-02-19 16:08:30,314 - INFO - - 10 rows, 10 columns
2026-02-19 16:08:30,314 - INFO - 
2026-02-19 16:08:30,314 - INFO - Stage 2: PROFILE
2026-02-19 16:08:30,314 - INFO - [OK] Generated data quality profile
2026-02-19 16:08:30,314 - INFO - - Found 12 quality issues
2026-02-19 16:08:30,314 - INFO - 
2026-02-19 16:08:30,314 - INFO - Stage 3: DETECT_PII
2026-02-19 16:08:30,314 - INFO - [OK] Detected PII columns
2026-02-19 16:08:30,314 - INFO - - 7 PII columns identified
2026-02-19 16:08:30,315 - INFO - - 10 email addresses
2026-02-19 16:08:30,315 - INFO - - 10 phone numbers
2026-02-19 16:08:30,315 - INFO - - 8 addresses
2026-02-19 16:08:30,315 - INFO - - 9 dates of birth
2026-02-19 16:08:30,315 - INFO - 
2026-02-19 16:08:30,315 - INFO - Stage 4: CLEAN
2026-02-19 16:08:30,315 - INFO - [OK] Data cleaned and normalized
2026-02-19 16:08:30,315 - INFO - - Normalized phone (3 rows)
2026-02-19 16:08:30,315 - INFO - - Normalized date_of_birth, created_date (4 rows)
2026-02-19 16:08:30,315 - INFO - - Normalized first_name, last_name (1 rows)
2026-02-19 16:08:30,316 - INFO - - Normalized email (1 rows)
2026-02-19 16:08:30,316 - INFO - - Filled missing first_name (1 rows)
2026-02-19 16:08:30,316 - INFO - - Filled missing last_name (1 rows)
2026-02-19 16:08:30,316 - INFO - - Filled missing address (2 rows)
2026-02-19 16:08:30,316 - INFO - - Filled missing income (1 rows)
2026-02-19 16:08:30,316 - INFO - - Filled missing account_status (1 rows)
2026-02-19 16:08:30,316 - INFO - 
2026-02-19 16:08:30,316 - INFO - Stage 5: VALIDATE
2026-02-19 16:08:30,316 - INFO - [OK] Validation complete (some issues remain)
2026-02-19 16:08:30,316 - INFO - - 3/10 rows valid
2026-02-19 16:08:30,317 - INFO - - address: 2 failures
2026-02-19 16:08:30,317 - INFO - - first_name: 1 failures
2026-02-19 16:08:30,317 - INFO - - account_status: 1 failures
2026-02-19 16:08:30,317 - INFO - - last_name: 1 failures
2026-02-19 16:08:30,317 - INFO - - date_of_birth: 1 failures
2026-02-19 16:08:30,317 - INFO - - created_date: 1 failures
2026-02-19 16:08:30,317 - INFO - 
2026-02-19 16:08:30,317 - INFO - Stage 6: MASK
2026-02-19 16:08:30,317 - INFO - [OK] PII masked successfully
2026-02-19 16:08:30,317 - INFO - - Masked first_name
2026-02-19 16:08:30,318 - INFO - - Masked last_name
2026-02-19 16:08:30,318 - INFO - - Masked email
2026-02-19 16:08:30,318 - INFO - - Masked phone
2026-02-19 16:08:30,318 - INFO - - Masked address
2026-02-19 16:08:30,318 - INFO - - Masked date_of_birth
2026-02-19 16:08:30,318 - INFO - 
2026-02-19 16:08:30,318 - INFO - Stage 7: SAVE
2026-02-19 16:08:30,318 - INFO - [OK] Outputs saved
2026-02-19 16:08:30,318 - INFO - - customers_cleaned.csv
2026-02-19 16:08:30,318 - INFO - - data_quality_report.txt
2026-02-19 16:08:30,318 - INFO - - pii_detection_report.txt
2026-02-19 16:08:30,319 - INFO - - cleaning_log.txt
2026-02-19 16:08:30,319 - INFO - - validation_results.txt
2026-02-19 16:08:30,319 - INFO - - masked_sample.txt
2026-02-19 16:08:30,319 - INFO - 
2026-02-19 16:08:30,319 - INFO - SUMMARY:
2026-02-19 16:08:30,319 - INFO - - Input: 10 rows (raw)
2026-02-19 16:08:30,319 - INFO - - Output: 10 rows (clean, masked, validated)
2026-02-19 16:08:30,319 - INFO - - Quality: PASS
2026-02-19 16:08:30,319 - INFO - - PII Risk: MITIGATED (all masked)
2026-02-19 16:08:30,319 - INFO - - Duration: 0.13 seconds
2026-02-19 16:08:30,320 - INFO - 
2026-02-19 16:08:30,320 - INFO - Status: SUCCESS
2026-02-19 16:08:30,320 - INFO - Pipeline completed successfully
